asm85 8085 Assembler by nib

(0032)               1: var5	equ	7 + 7 * 7 + 7 / 7 - 7
                     2: var6	equ	7+7*7+7/(7-7)
ERROR - Divide by zero

(0057)               3: var0	equ	01010111b
(8000)               4: 	org 08000h
(0020)               5: var1	equ	32
(8001)               6: var2	equ	$ + 1
(0030)               7: var3	equ	16* 3
(0005)               8: var4	equ	(2+3)
+0014                9: stuff	ds	20
(0014)              10: ssize	equ	$ - stuff
8014 48 12          11: stuff2	dw	0ffffh & 01248h
8016 5f             12: stuff3	db	var0   |05ah
8017 41 42 43       13: stuff4	db	"ABC"
801a 61 62 63       14: stuff5	db 	'a','b','c'
801d 61             15: stuff6	db	020H | 'A'
801e 42             16: stuff7	db	'B'&11011111B
801f 31 32 33 09    17: stuff8	db	"123",09H, "456", 0AH
     34 35 36 0a
8027 61 62 63 0a    18: stuff9  db      "abc\ndef\rghi\x00\x30"
     64 65 66 0d
     67 68 69 00
     30 
8034 61 62 63 22    19: stuff10 db      "abc\"d"
     64 
                    20: 

20 lines, 1 errors, 0 warnings


SYMBOL TABLE:

var5            : 0032 (50)
var6            : 0000 (0)
var0            : 0057 (87)
var1            : 0020 (32)
var2            : 8001 (32769)
var3            : 0030 (48)
var4            : 0005 (5)
stuff           : 8000 (32768)
ssize           : 0014 (20)
stuff2          : 8000 (32768)
stuff3          : 8002 (32770)
stuff4          : 8003 (32771)
stuff5          : 8006 (32774)
stuff6          : 8009 (32777)
stuff7          : 800a (32778)
stuff8          : 800b (32779)
stuff9          : 8013 (32787)
stuff10         : 8020 (32800)


Total memory is 37 bytes
